0 silly input [ 'prebuild' ]
1 silly flags { _: [ 'run' ],
1 silly flags   'reject-cycles': false,
1 silly flags   rejectCycles: false,
1 silly flags   script: 'prebuild',
1 silly flags   args: [] }
2 verbose rootPath /Users/jschuler/Documents/GitHub/org-patternfly
3 info version 2.11.0
4 silly existsSync /Users/jschuler/Documents/GitHub/org-patternfly/VERSION
5 info versioning independent
6 silly initialize attempt
7 silly initialize success
8 silly execute attempt
9 silly runScriptInDir prebuild [] patternfly-3
10 silly getExecOpts { cwd: '/Users/jschuler/Documents/GitHub/org-patternfly/packages/patternfly-3' }
11 error prebuild Errored while running script in '@patternfly/org-patternfly-3'
12 error execute callback with error
13 error Error: Command failed: npm run prebuild
13 error + default
13 error ++ basename ./node_modules/patternfly-eng-release/scripts/_build.sh
13 error + SCRIPT=_build.sh
13 error ++ dirname ./node_modules/patternfly-eng-release/scripts/_build.sh
13 error + SCRIPT_DIR=./node_modules/patternfly-eng-release/scripts
13 error ++ cd ./node_modules/patternfly-eng-release/scripts
13 error ++ pwd
13 error + SCRIPT_DIR=/Users/jschuler/Documents/GitHub/org-patternfly/packages/patternfly-3/node_modules/patternfly-eng-release/scripts
13 error + . /Users/jschuler/Documents/GitHub/org-patternfly/packages/patternfly-3/node_modules/patternfly-eng-release/scripts/_env.sh
13 error ++ export PF_PAGE_BUILDER=jekyll
13 error ++ PF_PAGE_BUILDER=jekyll
13 error ++ EMAIL_PTNFLY=patternfly@redhat.com
13 error ++ EMAIL_PTNFLY_ANGULAR=patternfly-angular@redhat.com
13 error ++ EMAIL_RCUE=patternfly@redhat.com
13 error ++ GIT_USER_NAME=patternfly-build
13 error ++ GIT_USER_EMAIL=patternfly-build@redhat.com
13 error ++ RELEASE_BRANCH=master
13 error ++ RELEASE_DIST_BRANCH=master-dist
13 error ++ NEXT_BRANCH=branch-4.0-dev
13 error ++ NEXT_DIST_BRANCH=branch-4.0-dev-dist
13 error ++ NEXT_TAG=next
13 error ++ BUMP_TAG_PREFIX=_bump-v
13 error +++ echo _bump-v
13 error +++ wc -c
13 error ++ BUMP_TAG_PREFIX_COUNT='       8'
13 error ++ BUMP_CHAIN_TAG_PREFIX=_bump_chain-v
13 error +++ echo _bump_chain-v
13 error +++ wc -c
13 error ++ BUMP_CHAIN_TAG_PREFIX_COUNT='      14'
13 error ++ BUMP_NEXT_TAG_PREFIX=_bump_next-v
13 error +++ echo _bump_next-v
13 error +++ wc -c
13 error ++ BUMP_NEXT_TAG_PREFIX_COUNT='      13'
13 error ++ BUMP_NEXT_CHAIN_TAG_PREFIX=_bump_next_chain-v
13 error +++ echo _bump_next_chain-v
13 error +++ wc -c
13 error ++ BUMP_NEXT_CHAIN_TAG_PREFIX_COUNT='      19'
13 error ++ RELEASE_TAG_PREFIX=v
13 error ++ REPO_NAME_PTNFLY=patternfly
13 error ++ REPO_NAME_PTNFLY_ANGULAR=angular-patternfly
13 error ++ REPO_NAME_PTNFLY_NG=patternfly-ng
13 error ++ REPO_NAME_PTNFLY_ORG=patternfly-org
13 error ++ REPO_NAME_PTNFLY_ENG_RELEASE=patternfly-eng-release
13 error ++ REPO_NAME_PTNFLY_WC=patternfly-webcomponents
13 error ++ REPO_NAME_RCUE=rcue
13 error ++ REPO_OWNER_PTNFLY=patternfly
13 error ++ REPO_OWNER_PTNFLY_WC=patternfly-webcomponents
13 error ++ REPO_OWNER_RCUE=redhat-rcue
13 error ++ '[' -n '' -a -n '' ']'
13 error ++ '[' -n '' ']'
13 error ++ REPO_SLUG_PTNFLY=patternfly/patternfly
13 error ++ REPO_SLUG_PTNFLY_ANGULAR=patternfly/angular-patternfly
13 error ++ REPO_SLUG_PTNFLY_ENG_RELEASE=patternfly/patternfly-eng-release
13 error ++ REPO_SLUG_PTNFLY_NG=patternfly/patternfly-ng
13 error ++ REPO_SLUG_PTNFLY_ORG=patternfly/patternfly-org
13 error ++ REPO_SLUG_PTNFLY_WC=patternfly-webcomponents/patternfly-webcomponents
13 error ++ REPO_SLUG_RCUE=redhat-rcue/rcue
13 error ++ REPO_URL_PTNFLY=github.com/patternfly/patternfly.git
13 error ++ REPO_URL_PTNFLY_ANGULAR=github.com/patternfly/angular-patternfly.git
13 error ++ REPO_URL_PTNFLY_ENG_RELEASE=github.com/patternfly/patternfly-eng-release.git
13 error ++ REPO_URL_PTNFLY_NG=github.com/patternfly/patternfly-ng.git
13 error ++ BOWER_JSON=bower.json
13 error ++ DIST_DEMO_DIR=dist-demo
13 error ++ DIST_DIR=dist
13 error ++ GEM_FILE=Gemfile
13 error ++ GRUNT_FILE_JS=Gruntfile.js
13 error ++ GRUNT_NGDOCS_TMPL=grunt-ngdocs-index.tmpl
13 error ++ GULP_FILE_JS=gulpfile.js
13 error ++ HOME_HTML=source/index.html
13 error ++ JSDOC_CONF_JSON=jsdocConfig.json
13 error ++ KARMA_CONF_JS=karma.conf.js
13 error ++ LICENSE=LICENSE.txt
13 error ++ NPM_IGNORE=.npmignore
13 error ++ NSP=node_modules/nsp/bin/nsp
13 error ++ PACKAGE_JSON=package.json
13 error ++ PACKAGE_LOCK_JSON=package-lock.json
13 error ++ PTNFLY_SETTINGS_JS=src/js/patternfly-settings-base.js
13 error ++ README=README.md
13 error ++ SHRINKWRAP_JSON=npm-shrinkwrap.json
13 error ++ SKIP_NPM_PUBLISH_FILE=skip-npm-publish.txt
13 error + . /Users/jschuler/Documents/GitHub/org-patternfly/packages/patternfly-3/node_modules/patternfly-eng-release/scripts/_common.sh
13 error + BUILD_DIR=
13 error + '[' 1 -eq 0 ']'
13 error + getopts haeoprwx c
13 error + case $c in
13 error + PTNFLY_ORG=1
13 error + SWITCH=o
13 error + getopts haeoprwx c
13 error + prereqs
13 error + echo '*** This build is running against '
13 error + cd
13 error + case $SWITCH in
13 error + '[' -n '' ']'
13 error + '[' -n '' ']'
13 error + git_setup
13 error + echo '*** Setting up Git env'
13 error + cd
13 error + git config user.name patternfly-build
13 error fatal: not in a git directory
13 error + git config user.email patternfly-build@redhat.com
13 error fatal: not in a git directory
13 error + git config --global push.default simple
13 error + git remote rm upstream
13 error fatal: Not a git repository (or any of the parent directories): .git
13 error + git remote add upstream https://@github.com/.git
13 error fatal: Not a git repository (or any of the parent directories): .git
13 error + check 128 'git add remote failure'
13 error + '[' 128 '!=' 0 ']'
13 error + '[' '' = warn ']'
13 error + printf '\n'
13 error + echo '*** Error: git add remote failure'
13 error + exit 128
13 error npm ERR! code ELIFECYCLE
13 error npm ERR! errno 128
13 error npm ERR! @patternfly/org-patternfly-3@3.49.0 prebuild: `sh -x ./node_modules/patternfly-eng-release/scripts/_build.sh -o`
13 error npm ERR! Exit status 128
13 error npm ERR!
13 error npm ERR! Failed at the @patternfly/org-patternfly-3@3.49.0 prebuild script.
13 error npm ERR! This is probably not a problem with npm. There is likely additional logging output above.
13 error
13 error npm ERR! A complete log of this run can be found in:
13 error npm ERR!     /Users/jschuler/.npm/_logs/2018-06-27T13_09_33_753Z-debug.log
13 error
13 error > @patternfly/org-patternfly-3@3.49.0 prebuild /Users/jschuler/Documents/GitHub/org-patternfly/packages/patternfly-3
13 error > sh -x ./node_modules/patternfly-eng-release/scripts/_build.sh -o
13 error
13 error *** This build is running against
13 error *** Setting up Git env
13 error
13 error *** Error: git add remote failure
13 error
13 error     at Promise.all.then.arr (/Users/jschuler/Documents/GitHub/org-patternfly/node_modules/execa/index.js:236:11)
13 error     at <anonymous>
